New log file opened at Tue Aug 30 09:52:31 IST 2016 by 3732@MC0WXXVC
Taking next connection to: 56095
New client attempting to connect on port: 56096-56095
  Address = /172.16.42.212:56095
This client on port 56096 has uuid a85afb1a-bc7e-4ee2-ab16-992f2d5b3ef4 configName activator humanReadableName Activator protocolVersion 3 featureTags Vector()
Connected Clients: activator-a85afb1a-bc7e-4ee2-ab16-992f2d5b3ef4
Taking next connection to: 56095
New client attempting to connect on port: 56104-56095
  Address = /172.16.42.212:56095
Handshake exception on socket: 56104
sbt.impl.ipc.HandshakeException: Unable to perform handshake
	at sbt.impl.ipc.Peer.handshake(IPC.scala:46)
	at sbt.impl.ipc.MultiClientServer.<init>(IPC.scala:150)
	at sbt.server.SbtServerSocketHandler$$anon$1.run(SbtServerSocketHandler.scala:43)
Caused by: java.net.SocketException: Software caused connection abort: recv failed
	at java.net.SocketInputStream.socketRead0(Native Method)
	at java.net.SocketInputStream.socketRead(SocketInputStream.java:116)
	at java.net.SocketInputStream.read(SocketInputStream.java:170)
	at java.net.SocketInputStream.read(SocketInputStream.java:141)
	at java.io.BufferedInputStream.fill(BufferedInputStream.java:246)
	at java.io.BufferedInputStream.read(BufferedInputStream.java:265)
	at java.io.DataInputStream.readInt(DataInputStream.java:387)
	at sbt.impl.ipc.Peer.receive(IPC.scala:95)
	at sbt.impl.ipc.Peer.handshake(IPC.scala:49)
	... 2 more
Taking next connection to: 56095
New client attempting to connect on port: 56105-56095
  Address = /172.16.42.212:56095
This client on port 56105 has uuid 854fc597-517e-4bc0-85f9-56e8ebc96192 configName play-fork-run humanReadableName Play Fork Run protocolVersion 1 featureTags Vector()
Connected Clients: activator-a85afb1a-bc7e-4ee2-ab16-992f2d5b3ef4, play-fork-run-854fc597-517e-4bc0-85f9-56e8ebc96192
Taking next connection to: 56095
Checking to see if clients are empty...
We have 1 non-daemon clients, continuing serving connections.
Taking next connection to: 56095
Checking to see if clients are empty...
We have 1 non-daemon clients, continuing serving connections.
Taking next connection to: 56095
Checking to see if clients are empty...
We have 1 non-daemon clients, continuing serving connections.
Taking next connection to: 56095
Checking to see if clients are empty...
We have 1 non-daemon clients, continuing serving connections.
Taking next connection to: 56095
Checking to see if clients are empty...
We have 1 non-daemon clients, continuing serving connections.
Taking next connection to: 56095
New client attempting to connect on port: 56244-56095
  Address = /172.16.42.212:56095
Handshake exception on socket: 56244
sbt.impl.ipc.HandshakeException: Unable to perform handshake
	at sbt.impl.ipc.Peer.handshake(IPC.scala:46)
	at sbt.impl.ipc.MultiClientServer.<init>(IPC.scala:150)
	at sbt.server.SbtServerSocketHandler$$anon$1.run(SbtServerSocketHandler.scala:43)
Caused by: java.net.SocketException: Software caused connection abort: recv failed
	at java.net.SocketInputStream.socketRead0(Native Method)
	at java.net.SocketInputStream.socketRead(SocketInputStream.java:116)
	at java.net.SocketInputStream.read(SocketInputStream.java:170)
	at java.net.SocketInputStream.read(SocketInputStream.java:141)
	at java.io.BufferedInputStream.fill(BufferedInputStream.java:246)
	at java.io.BufferedInputStream.read(BufferedInputStream.java:265)
	at java.io.DataInputStream.readInt(DataInputStream.java:387)
	at sbt.impl.ipc.Peer.receive(IPC.scala:95)
	at sbt.impl.ipc.Peer.handshake(IPC.scala:49)
	... 2 more
Taking next connection to: 56095
New client attempting to connect on port: 56245-56095
  Address = /172.16.42.212:56095
This client on port 56245 has uuid fe314396-14f1-4742-bb56-8e583b065ee0 configName play-fork-run humanReadableName Play Fork Run protocolVersion 1 featureTags Vector()
Connected Clients: activator-a85afb1a-bc7e-4ee2-ab16-992f2d5b3ef4, play-fork-run-fe314396-14f1-4742-bb56-8e583b065ee0
Taking next connection to: 56095
Checking to see if clients are empty...
We have 1 non-daemon clients, continuing serving connections.
Taking next connection to: 56095
Checking to see if clients are empty...
We have 1 non-daemon clients, continuing serving connections.
Taking next connection to: 56095
Checking to see if clients are empty...
We have 1 non-daemon clients, continuing serving connections.
Taking next connection to: 56095
Checking to see if clients are empty...
We have 1 non-daemon clients, continuing serving connections.
Taking next connection to: 56095
Checking to see if clients are empty...
We have 1 non-daemon clients, continuing serving connections.
Taking next connection to: 56095
Checking to see if clients are empty...
We have 1 non-daemon clients, continuing serving connections.
Taking next connection to: 56095
Checking to see if clients are empty...
We have 1 non-daemon clients, continuing serving connections.
Taking next connection to: 56095
Checking to see if clients are empty...
We have 1 non-daemon clients, continuing serving connections.
Taking next connection to: 56095
Checking to see if clients are empty...
We have 1 non-daemon clients, continuing serving connections.
Taking next connection to: 56095
Checking to see if clients are empty...
We have 1 non-daemon clients, continuing serving connections.
Taking next connection to: 56095
Checking to see if clients are empty...
We have 1 non-daemon clients, continuing serving connections.
Taking next connection to: 56095
Checking to see if clients are empty...
We have 1 non-daemon clients, continuing serving connections.
Taking next connection to: 56095
Checking to see if clients are empty...
We have 1 non-daemon clients, continuing serving connections.
Taking next connection to: 56095
Checking to see if clients are empty...
We have 1 non-daemon clients, continuing serving connections.
Taking next connection to: 56095
Checking to see if clients are empty...
We have 1 non-daemon clients, continuing serving connections.
Taking next connection to: 56095
Checking to see if clients are empty...
We have 1 non-daemon clients, continuing serving connections.
Taking next connection to: 56095
Checking to see if clients are empty...
We have 1 non-daemon clients, continuing serving connections.
Taking next connection to: 56095
Checking to see if clients are empty...
We have 1 non-daemon clients, continuing serving connections.
Taking next connection to: 56095
New client attempting to connect on port: 56939-56095
  Address = /172.16.42.212:56095
Handshake exception on socket: 56939
sbt.impl.ipc.HandshakeException: Unable to perform handshake
	at sbt.impl.ipc.Peer.handshake(IPC.scala:46)
	at sbt.impl.ipc.MultiClientServer.<init>(IPC.scala:150)
	at sbt.server.SbtServerSocketHandler$$anon$1.run(SbtServerSocketHandler.scala:43)
Caused by: java.net.SocketException: Software caused connection abort: recv failed
	at java.net.SocketInputStream.socketRead0(Native Method)
	at java.net.SocketInputStream.socketRead(SocketInputStream.java:116)
	at java.net.SocketInputStream.read(SocketInputStream.java:170)
	at java.net.SocketInputStream.read(SocketInputStream.java:141)
	at java.io.BufferedInputStream.fill(BufferedInputStream.java:246)
	at java.io.BufferedInputStream.read(BufferedInputStream.java:265)
	at java.io.DataInputStream.readInt(DataInputStream.java:387)
	at sbt.impl.ipc.Peer.receive(IPC.scala:95)
	at sbt.impl.ipc.Peer.handshake(IPC.scala:49)
	... 2 more
Taking next connection to: 56095
New client attempting to connect on port: 56940-56095
  Address = /172.16.42.212:56095
This client on port 56940 has uuid 6fc45601-a61b-497d-8ca1-cf5f593513a7 configName play-fork-run humanReadableName Play Fork Run protocolVersion 1 featureTags Vector()
Connected Clients: activator-a85afb1a-bc7e-4ee2-ab16-992f2d5b3ef4, play-fork-run-6fc45601-a61b-497d-8ca1-cf5f593513a7
Taking next connection to: 56095
Checking to see if clients are empty...
We have 1 non-daemon clients, continuing serving connections.
Taking next connection to: 56095
Checking to see if clients are empty...
We have 1 non-daemon clients, continuing serving connections.
Taking next connection to: 56095
Checking to see if clients are empty...
We have 1 non-daemon clients, continuing serving connections.
Taking next connection to: 56095
Checking to see if clients are empty...
We have 1 non-daemon clients, continuing serving connections.
Taking next connection to: 56095
Checking to see if clients are empty...
We have 1 non-daemon clients, continuing serving connections.
Taking next connection to: 56095
Checking to see if clients are empty...
We have 1 non-daemon clients, continuing serving connections.
Taking next connection to: 56095
Checking to see if clients are empty...
We have 1 non-daemon clients, continuing serving connections.
Taking next connection to: 56095
Checking to see if clients are empty...
We have 1 non-daemon clients, continuing serving connections.
Taking next connection to: 56095
Checking to see if clients are empty...
We have 1 non-daemon clients, continuing serving connections.
Taking next connection to: 56095
Checking to see if clients are empty...
We have 1 non-daemon clients, continuing serving connections.
Taking next connection to: 56095
Checking to see if clients are empty...
We have 1 non-daemon clients, continuing serving connections.
Taking next connection to: 56095
Checking to see if clients are empty...
We have 1 non-daemon clients, continuing serving connections.
Taking next connection to: 56095
Checking to see if clients are empty...
We have 1 non-daemon clients, continuing serving connections.
Taking next connection to: 56095
Checking to see if clients are empty...
We have 1 non-daemon clients, continuing serving connections.
Taking next connection to: 56095
Checking to see if clients are empty...
We have 1 non-daemon clients, continuing serving connections.
Taking next connection to: 56095
Checking to see if clients are empty...
We have 1 non-daemon clients, continuing serving connections.
Taking next connection to: 56095
Checking to see if clients are empty...
We have 1 non-daemon clients, continuing serving connections.
Taking next connection to: 56095
Checking to see if clients are empty...
We have 1 non-daemon clients, continuing serving connections.
Taking next connection to: 56095
Checking to see if clients are empty...
We have 1 non-daemon clients, continuing serving connections.
Taking next connection to: 56095
Checking to see if clients are empty...
We have 1 non-daemon clients, continuing serving connections.
Taking next connection to: 56095
Checking to see if clients are empty...
We have 1 non-daemon clients, continuing serving connections.
Taking next connection to: 56095
Checking to see if clients are empty...
We have 1 non-daemon clients, continuing serving connections.
Taking next connection to: 56095
Checking to see if clients are empty...
We have 1 non-daemon clients, continuing serving connections.
Taking next connection to: 56095
Checking to see if clients are empty...
We have 1 non-daemon clients, continuing serving connections.
Taking next connection to: 56095
Checking to see if clients are empty...
We have 1 non-daemon clients, continuing serving connections.
Taking next connection to: 56095
Checking to see if clients are empty...
We have 1 non-daemon clients, continuing serving connections.
Taking next connection to: 56095
Checking to see if clients are empty...
We have 1 non-daemon clients, continuing serving connections.
Taking next connection to: 56095
Checking to see if clients are empty...
We have 1 non-daemon clients, continuing serving connections.
Taking next connection to: 56095
Checking to see if clients are empty...
We have 1 non-daemon clients, continuing serving connections.
Taking next connection to: 56095
Checking to see if clients are empty...
We have 1 non-daemon clients, continuing serving connections.
Taking next connection to: 56095
Checking to see if clients are empty...
We have 1 non-daemon clients, continuing serving connections.
Taking next connection to: 56095
Checking to see if clients are empty...
We have 1 non-daemon clients, continuing serving connections.
Taking next connection to: 56095
Checking to see if clients are empty...
We have 1 non-daemon clients, continuing serving connections.
Taking next connection to: 56095
Checking to see if clients are empty...
We have 1 non-daemon clients, continuing serving connections.
Taking next connection to: 56095
Checking to see if clients are empty...
We have 1 non-daemon clients, continuing serving connections.
Taking next connection to: 56095
Checking to see if clients are empty...
We have 1 non-daemon clients, continuing serving connections.
Taking next connection to: 56095
Checking to see if clients are empty...
We have 1 non-daemon clients, continuing serving connections.
Taking next connection to: 56095
Checking to see if clients are empty...
We have 1 non-daemon clients, continuing serving connections.
Taking next connection to: 56095
Checking to see if clients are empty...
We have 1 non-daemon clients, continuing serving connections.
Taking next connection to: 56095
Checking to see if clients are empty...
We have 1 non-daemon clients, continuing serving connections.
Taking next connection to: 56095
Checking to see if clients are empty...
We have 1 non-daemon clients, continuing serving connections.
Taking next connection to: 56095
Checking to see if clients are empty...
We have 1 non-daemon clients, continuing serving connections.
Taking next connection to: 56095
Checking to see if clients are empty...
We have 1 non-daemon clients, continuing serving connections.
Taking next connection to: 56095
Checking to see if clients are empty...
We have 1 non-daemon clients, continuing serving connections.
Taking next connection to: 56095
Checking to see if clients are empty...
We have 1 non-daemon clients, continuing serving connections.
Taking next connection to: 56095
Checking to see if clients are empty...
We have 1 non-daemon clients, continuing serving connections.
Taking next connection to: 56095
Checking to see if clients are empty...
We have 1 non-daemon clients, continuing serving connections.
Taking next connection to: 56095
Checking to see if clients are empty...
We have 1 non-daemon clients, continuing serving connections.
Taking next connection to: 56095
Checking to see if clients are empty...
We have 1 non-daemon clients, continuing serving connections.
Taking next connection to: 56095
Checking to see if clients are empty...
We have 1 non-daemon clients, continuing serving connections.
Taking next connection to: 56095
Checking to see if clients are empty...
We have 1 non-daemon clients, continuing serving connections.
Taking next connection to: 56095
Checking to see if clients are empty...
We have 1 non-daemon clients, continuing serving connections.
Taking next connection to: 56095
Checking to see if clients are empty...
We have 1 non-daemon clients, continuing serving connections.
Taking next connection to: 56095
Checking to see if clients are empty...
We have 1 non-daemon clients, continuing serving connections.
Taking next connection to: 56095
Checking to see if clients are empty...
We have 1 non-daemon clients, continuing serving connections.
Taking next connection to: 56095
Checking to see if clients are empty...
We have 1 non-daemon clients, continuing serving connections.
Taking next connection to: 56095
Checking to see if clients are empty...
We have 1 non-daemon clients, continuing serving connections.
Taking next connection to: 56095
Checking to see if clients are empty...
We have 1 non-daemon clients, continuing serving connections.
Taking next connection to: 56095
Checking to see if clients are empty...
We have 1 non-daemon clients, continuing serving connections.
Taking next connection to: 56095
Checking to see if clients are empty...
We have 1 non-daemon clients, continuing serving connections.
Taking next connection to: 56095
Checking to see if clients are empty...
We have 1 non-daemon clients, continuing serving connections.
Taking next connection to: 56095
Checking to see if clients are empty...
We have 1 non-daemon clients, continuing serving connections.
Taking next connection to: 56095
Checking to see if clients are empty...
We have 1 non-daemon clients, continuing serving connections.
Taking next connection to: 56095
Checking to see if clients are empty...
We have 1 non-daemon clients, continuing serving connections.
Taking next connection to: 56095
Checking to see if clients are empty...
We have 1 non-daemon clients, continuing serving connections.
Taking next connection to: 56095
Checking to see if clients are empty...
We have 1 non-daemon clients, continuing serving connections.
Taking next connection to: 56095
Checking to see if clients are empty...
We have 1 non-daemon clients, continuing serving connections.
Taking next connection to: 56095
Checking to see if clients are empty...
We have 1 non-daemon clients, continuing serving connections.
Taking next connection to: 56095
Checking to see if clients are empty...
We have 1 non-daemon clients, continuing serving connections.
Taking next connection to: 56095
Checking to see if clients are empty...
We have 1 non-daemon clients, continuing serving connections.
Taking next connection to: 56095
Checking to see if clients are empty...
We have 1 non-daemon clients, continuing serving connections.
Taking next connection to: 56095
